<?xml version="1.0" encoding="UTF-8"?>
<testsuite name="GitHub Sync"
           tests="3"
           failures="1"
           errors="0"
           skipped="2"
           time="0.871">
  <properties />
            <testcase name="setUp" time="0.871" classname="com.share.testcase.GitHubSync">
                <failure type="org.openqa.selenium.WebDriverException"
                  message="unknown error: Chrome failed to start: exited normally.
  (unknown error: DevToolsActivePort file doesn&apos;t exist)
  (The process started from chrome location C:\Program Files\Google\Chrome\Application\chrome.exe is no longer running, so ChromeDriver is assuming that Chrome has crashed.)
Build info: version: &apos;3.141.59&apos;, revision: &apos;e82be7d358&apos;, time: &apos;2018-11-14T08:17:03&apos;
System info: host: &apos;DESKTOP-Q0S3LGK&apos;, ip: &apos;192.168.2.118&apos;, os.name: &apos;Windows 10&apos;, os.arch: &apos;amd64&apos;, os.version: &apos;10.0&apos;, java.version: &apos;11.0.16&apos;
Driver info: driver.version: ChromeDriver
remote stacktrace: Backtrace:
	GetHandleVerifier [0x0041A813+48355]
	(No symbol) [0x003AC4B1]
	(No symbol) [0x002B5358]
	(No symbol) [0x002D3621]
	(No symbol) [0x002D0579]
	(No symbol) [0x00300C55]
	(No symbol) [0x0030093C]
	(No symbol) [0x002FA536]
	(No symbol) [0x002D82DC]
	(No symbol) [0x002D93DD]
	GetHandleVerifier [0x0067AABD+2539405]
	GetHandleVerifier [0x006BA78F+2800735]
	GetHandleVerifier [0x006B456C+2775612]
	GetHandleVerifier [0x004A51E0+616112]
	(No symbol) [0x003B5F8C]
	(No symbol) [0x003B2328]
	(No symbol) [0x003B240B]
	(No symbol) [0x003A4FF7]
	BaseThreadInitThunk [0x76E500C9+25]
	RtlGetAppContainerNamedObjectPath [0x76F97B4E+286]
	RtlGetAppContainerNamedObjectPath [0x76F97B1E+238]
"
              >
<![CDATA[org.openqa.selenium.WebDriverException: unknown error: Chrome failed to start: exited normally.
  (unknown error: DevToolsActivePort file doesn't exist)
  (The process started from chrome location C:\Program Files\Google\Chrome\Application\chrome.exe is no longer running, so ChromeDriver is assuming that Chrome has crashed.)
Build info: version: '3.141.59', revision: 'e82be7d358', time: '2018-11-14T08:17:03'
System info: host: 'DESKTOP-Q0S3LGK', ip: '192.168.2.118', os.name: 'Windows 10', os.arch: 'amd64', os.version: '10.0', java.version: '11.0.16'
Driver info: driver.version: ChromeDriver
remote stacktrace: Backtrace:
	GetHandleVerifier [0x0041A813+48355]
	(No symbol) [0x003AC4B1]
	(No symbol) [0x002B5358]
	(No symbol) [0x002D3621]
	(No symbol) [0x002D0579]
	(No symbol) [0x00300C55]
	(No symbol) [0x0030093C]
	(No symbol) [0x002FA536]
	(No symbol) [0x002D82DC]
	(No symbol) [0x002D93DD]
	GetHandleVerifier [0x0067AABD+2539405]
	GetHandleVerifier [0x006BA78F+2800735]
	GetHandleVerifier [0x006B456C+2775612]
	GetHandleVerifier [0x004A51E0+616112]
	(No symbol) [0x003B5F8C]
	(No symbol) [0x003B2328]
	(No symbol) [0x003B240B]
	(No symbol) [0x003A4FF7]
	BaseThreadInitThunk [0x76E500C9+25]
	RtlGetAppContainerNamedObjectPath [0x76F97B4E+286]
	RtlGetAppContainerNamedObjectPath [0x76F97B1E+238]

  java.base/jdk.internal.reflect.NativeConstructorAccessorImpl.newInstance0(Native Method)
  java.base/jdk.internal.reflect.NativeConstructorAccessorImpl.newInstance(NativeConstructorAccessorImpl.java:62)
  java.base/jdk.internal.reflect.DelegatingConstructorAccessorImpl.newInstance(DelegatingConstructorAccessorImpl.java:45)
  java.base/java.lang.reflect.Constructor.newInstance(Constructor.java:490)
  org.openqa.selenium.remote.W3CHandshakeResponse.lambda$errorHandler$0(W3CHandshakeResponse.java:62)
  org.openqa.selenium.remote.HandshakeResponse.lambda$getResponseFunction$0(HandshakeResponse.java:30)
  org.openqa.selenium.remote.ProtocolHandshake.lambda$createSession$0(ProtocolHandshake.java:126)
  java.base/java.util.stream.ReferencePipeline$3$1.accept(ReferencePipeline.java:195)
  java.base/java.util.Spliterators$ArraySpliterator.tryAdvance(Spliterators.java:958)
  java.base/java.util.stream.ReferencePipeline.forEachWithCancel(ReferencePipeline.java:127)
  java.base/java.util.stream.AbstractPipeline.copyIntoWithCancel(AbstractPipeline.java:502)
  java.base/java.util.stream.AbstractPipeline.copyInto(AbstractPipeline.java:488)
  java.base/java.util.stream.AbstractPipeline.wrapAndCopyInto(AbstractPipeline.java:474)
  java.base/java.util.stream.FindOps$FindOp.evaluateSequential(FindOps.java:150)
  java.base/java.util.stream.AbstractPipeline.evaluate(AbstractPipeline.java:234)
  java.base/java.util.stream.ReferencePipeline.findFirst(ReferencePipeline.java:543)
  org.openqa.selenium.remote.ProtocolHandshake.createSession(ProtocolHandshake.java:128)
  org.openqa.selenium.remote.ProtocolHandshake.createSession(ProtocolHandshake.java:74)
  org.openqa.selenium.remote.HttpCommandExecutor.execute(HttpCommandExecutor.java:136)
  org.openqa.selenium.remote.service.DriverCommandExecutor.execute(DriverCommandExecutor.java:83)
  org.openqa.selenium.remote.RemoteWebDriver.execute(RemoteWebDriver.java:552)
  org.openqa.selenium.remote.RemoteWebDriver.startSession(RemoteWebDriver.java:213)
  org.openqa.selenium.remote.RemoteWebDriver.<init>(RemoteWebDriver.java:131)
  org.openqa.selenium.chrome.ChromeDriver.<init>(ChromeDriver.java:181)
  org.openqa.selenium.chrome.ChromeDriver.<init>(ChromeDriver.java:168)
  org.openqa.selenium.chrome.ChromeDriver.<init>(ChromeDriver.java:157)
  com.share.base.TestBase.setUp(TestBase.java:106)
  java.base/jdk.internal.reflect.NativeMethodAccessorImpl.invoke0(Native Method)
  java.base/jdk.internal.reflect.NativeMethodAccessorImpl.invoke(NativeMethodAccessorImpl.java:62)
  java.base/jdk.internal.reflect.DelegatingMethodAccessorImpl.invoke(DelegatingMethodAccessorImpl.java:43)
  java.base/java.lang.reflect.Method.invoke(Method.java:566)
  org.testng.internal.invokers.MethodInvocationHelper.invokeMethod(MethodInvocationHelper.java:139)
  org.testng.internal.invokers.MethodInvocationHelper.invokeMethodConsideringTimeout(MethodInvocationHelper.java:69)
  org.testng.internal.invokers.ConfigInvoker.invokeConfigurationMethod(ConfigInvoker.java:361)
  org.testng.internal.invokers.ConfigInvoker.invokeConfigurations(ConfigInvoker.java:296)
  org.testng.SuiteRunner.privateRun(SuiteRunner.java:376)
  org.testng.SuiteRunner.run(SuiteRunner.java:330)
  org.testng.SuiteRunnerWorker.runSuite(SuiteRunnerWorker.java:52)
  org.testng.SuiteRunnerWorker.run(SuiteRunnerWorker.java:95)
  org.testng.TestNG.runSuitesSequentially(TestNG.java:1256)
  org.testng.TestNG.runSuitesLocally(TestNG.java:1176)
  org.testng.TestNG.runSuites(TestNG.java:1099)
  org.testng.TestNG.run(TestNG.java:1067)
  org.testng.remote.AbstractRemoteTestNG.run(AbstractRemoteTestNG.java:115)
  org.testng.remote.RemoteTestNG.initAndRun(RemoteTestNG.java:251)
  org.testng.remote.RemoteTestNG.main(RemoteTestNG.java:77)
]]>
      </failure>

          </testcase>
  
            <testcase name="tearDown" time="0.0" classname="com.share.testcase.GitHubSync">
          <skipped />
    </testcase>
            <testcase name="gitHubSync" time="0.0" classname="com.share.testcase.GitHubSync">
          <skipped />
    </testcase>
  
  
</testsuite>
