<?xml version="1.0" encoding="UTF-8"?>
<!-- Generated by org.testng.reporters.JUnitXMLReporter -->
<testsuite ignored="0" hostname="DESKTOP-Q0S3LGK" failures="1" tests="1" name="BankManagerLoginTest" time="3.217" errors="0" timestamp="2023-06-12T12:36:54 IST">
  <testcase classname="com.share.testcase.BankManagerLoginTest" name="loginasBankManager" time="3.093">
    <failure type="java.lang.AssertionError" message="Login not successfull">
      <![CDATA[java.lang.AssertionError: Login not successfull
at com.share.testcase.BankManagerLoginTest.loginasBankManager(BankManagerLoginTest.java:23)
at java.base/java.util.ArrayList.forEach(ArrayList.java:1541)
... Removed 28 stack frames]]>
    </failure>
  </testcase> <!-- loginasBankManager -->
</testsuite> <!-- BankManagerLoginTest -->
