<?xml version="1.0" encoding="UTF-8"?>
<!-- Generated by org.testng.reporters.JUnitXMLReporter -->
<testsuite ignored="0" hostname="DESKTOP-Q0S3LGK" failures="0" tests="1" name="GitHub Sync" time="0.307" errors="0" timestamp="2023-07-21T10:22:13 IST">
  <testcase classname="com.share.base.TestBase" name="@BeforeSuite setUp" time="0.871">
    <failure type="org.openqa.selenium.WebDriverException" message="unknown error: Chrome failed to start: exited normally.
  (unknown error: DevToolsActivePort file doesn&amp;apos;t exist)
  (The process started from chrome location C:\Program Files\Google\Chrome\Application\chrome.exe is no longer running, so ChromeDriver is assuming that Chrome has crashed.)
Build info: version: &amp;apos;3.141.59&amp;apos;, revision: &amp;apos;e82be7d358&amp;apos;, time: &amp;apos;2018-11-14T08:17:03&amp;apos;
System info: host: &amp;apos;DESKTOP-Q0S3LGK&amp;apos;, ip: &amp;apos;192.168.2.118&amp;apos;, os.name: &amp;apos;Windows 10&amp;apos;, os.arch: &amp;apos;amd64&amp;apos;, os.version: &amp;apos;10.0&amp;apos;, java.version: &amp;apos;11.0.16&amp;apos;
Driver info: driver.version: ChromeDriver
remote stacktrace: Backtrace:
	GetHandleVerifier [0x0041A813+48355]
	(No symbol) [0x003AC4B1]
	(No symbol) [0x002B5358]
	(No symbol) [0x002D3621]
	(No symbol) [0x002D0579]
	(No symbol) [0x00300C55]
	(No symbol) [0x0030093C]
	(No symbol) [0x002FA536]
	(No symbol) [0x002D82DC]
	(No symbol) [0x002D93DD]
	GetHandleVerifier [0x0067AABD+2539405]
	GetHandleVerifier [0x006BA78F+2800735]
	GetHandleVerifier [0x006B456C+2775612]
	GetHandleVerifier [0x004A51E0+616112]
	(No symbol) [0x003B5F8C]
	(No symbol) [0x003B2328]
	(No symbol) [0x003B240B]
	(No symbol) [0x003A4FF7]
	BaseThreadInitThunk [0x76E500C9+25]
	RtlGetAppContainerNamedObjectPath [0x76F97B4E+286]
	RtlGetAppContainerNamedObjectPath [0x76F97B1E+238]
">
      <![CDATA[org.openqa.selenium.WebDriverException: unknown error: Chrome failed to start: exited normally.
  (unknown error: DevToolsActivePort file doesn't exist)
  (The process started from chrome location C:\Program Files\Google\Chrome\Application\chrome.exe is no longer running, so ChromeDriver is assuming that Chrome has crashed.)
Build info: version: '3.141.59', revision: 'e82be7d358', time: '2018-11-14T08:17:03'
System info: host: 'DESKTOP-Q0S3LGK', ip: '192.168.2.118', os.name: 'Windows 10', os.arch: 'amd64', os.version: '10.0', java.version: '11.0.16'
Driver info: driver.version: ChromeDriver
remote stacktrace: Backtrace:
GetHandleVerifier [0x0041A813+48355]
(No symbol) [0x003AC4B1]
(No symbol) [0x002B5358]
(No symbol) [0x002D3621]
(No symbol) [0x002D0579]
(No symbol) [0x00300C55]
(No symbol) [0x0030093C]
(No symbol) [0x002FA536]
(No symbol) [0x002D82DC]
(No symbol) [0x002D93DD]
GetHandleVerifier [0x0067AABD+2539405]
GetHandleVerifier [0x006BA78F+2800735]
GetHandleVerifier [0x006B456C+2775612]
GetHandleVerifier [0x004A51E0+616112]
(No symbol) [0x003B5F8C]
(No symbol) [0x003B2328]
(No symbol) [0x003B240B]
(No symbol) [0x003A4FF7]
BaseThreadInitThunk [0x76E500C9+25]
RtlGetAppContainerNamedObjectPath [0x76F97B4E+286]
RtlGetAppContainerNamedObjectPath [0x76F97B1E+238]

at org.openqa.selenium.remote.W3CHandshakeResponse.lambda$errorHandler$0(W3CHandshakeResponse.java:62)
at org.openqa.selenium.remote.HandshakeResponse.lambda$getResponseFunction$0(HandshakeResponse.java:30)
at org.openqa.selenium.remote.ProtocolHandshake.lambda$createSession$0(ProtocolHandshake.java:126)
at java.base/java.util.stream.ReferencePipeline$3$1.accept(ReferencePipeline.java:195)
at java.base/java.util.Spliterators$ArraySpliterator.tryAdvance(Spliterators.java:958)
at java.base/java.util.stream.ReferencePipeline.forEachWithCancel(ReferencePipeline.java:127)
at java.base/java.util.stream.AbstractPipeline.copyIntoWithCancel(AbstractPipeline.java:502)
at java.base/java.util.stream.AbstractPipeline.copyInto(AbstractPipeline.java:488)
at java.base/java.util.stream.AbstractPipeline.wrapAndCopyInto(AbstractPipeline.java:474)
at java.base/java.util.stream.FindOps$FindOp.evaluateSequential(FindOps.java:150)
at java.base/java.util.stream.AbstractPipeline.evaluate(AbstractPipeline.java:234)
at java.base/java.util.stream.ReferencePipeline.findFirst(ReferencePipeline.java:543)
at org.openqa.selenium.remote.ProtocolHandshake.createSession(ProtocolHandshake.java:128)
at org.openqa.selenium.remote.ProtocolHandshake.createSession(ProtocolHandshake.java:74)
at org.openqa.selenium.remote.HttpCommandExecutor.execute(HttpCommandExecutor.java:136)
at org.openqa.selenium.remote.service.DriverCommandExecutor.execute(DriverCommandExecutor.java:83)
at org.openqa.selenium.remote.RemoteWebDriver.execute(RemoteWebDriver.java:552)
at org.openqa.selenium.remote.RemoteWebDriver.startSession(RemoteWebDriver.java:213)
at org.openqa.selenium.remote.RemoteWebDriver.<init>(RemoteWebDriver.java:131)
at org.openqa.selenium.chrome.ChromeDriver.<init>(ChromeDriver.java:181)
at org.openqa.selenium.chrome.ChromeDriver.<init>(ChromeDriver.java:168)
at org.openqa.selenium.chrome.ChromeDriver.<init>(ChromeDriver.java:157)
at com.share.base.TestBase.setUp(TestBase.java:106)
... Removed 23 stack frames]]>
    </failure>
  </testcase> <!-- @BeforeSuite setUp -->
  <testcase classname="com.share.testcase.GitHubSync" name="gitHubSync" time="0.0">
    <skipped/>
  </testcase> <!-- gitHubSync -->
</testsuite> <!-- GitHub Sync -->
