<?xml version="1.0" encoding="UTF-8"?>
<!-- Generated by org.testng.reporters.JUnitXMLReporter -->
<testsuite ignored="0" hostname="DESKTOP-Q0S3LGK" failures="1" tests="1" name="GitHub Sync" time="15.894" errors="0" timestamp="2023-07-24T12:47:31 IST">
  <testcase classname="com.share.testcase.GitHubSync" name="gitHubSync" time="15.492">
    <failure type="java.lang.NullPointerException">
      <![CDATA[java.lang.NullPointerException
at com.share.testcase.CommonFeature.signUp(CommonFeature.java:82)
at com.share.testcase.GitHubSync.gitHubSync(GitHubSync.java:34)
at java.base/java.util.ArrayList.forEach(ArrayList.java:1541)
... Removed 27 stack frames]]>
    </failure>
  </testcase> <!-- gitHubSync -->
</testsuite> <!-- GitHub Sync -->
